<?xml version="1.0" encoding="UTF-8"?>
<testng-results skipped="0" failed="0" ignored="0" total="1" passed="1">
  <reporter-output>
  </reporter-output>
  <suite name="Default suite" duration-ms="130" started-at="2022-07-19T16:26:31 IST" finished-at="2022-07-19T16:26:31 IST">
    <groups>
    </groups>
    <test name="Default test" duration-ms="130" started-at="2022-07-19T16:26:31 IST" finished-at="2022-07-19T16:26:31 IST">
      <class name="jenkins_demo_project.jenkins_demo_class">
        <test-method status="PASS" signature="jenkinsdemo()[pri:0, instance:jenkins_demo_project.jenkins_demo_class@7494e528]" name="jenkinsdemo" duration-ms="18" started-at="2022-07-19T16:26:31 IST" finished-at="2022-07-19T16:26:31 IST">
          <reporter-output>
          </reporter-output>
        </test-method> <!-- jenkinsdemo -->
      </class> <!-- jenkins_demo_project.jenkins_demo_class -->
    </test> <!-- Default test -->
  </suite> <!-- Default suite -->
</testng-results>
